<?xml version="1.0" encoding="UTF-8"?>
<!-- Generated by org.testng.reporters.JUnitXMLReporter -->
<testsuite hostname="DESKTOP-CEESDAM" ignored="0" name="Default test" tests="6" failures="0" timestamp="2022-11-25T10:30:48 EST" time="61.05" errors="0">
  <testcase name="logingTest" time="3.756" classname="com.H2K.TestCases.TC_Loging_001"/>
  <testcase name="logingTest" time="2.678" classname="com.H2K.TestCases.TC_Loging_001"/>
  <testcase name="logingTest" time="2.44" classname="com.H2K.TestCases.TC_Loging_001"/>
  <testcase name="logingTest" time="2.776" classname="com.H2K.TestCases.TC_Loging_001"/>
  <testcase name="logingTest" time="5.733" classname="com.H2K.TestCases.TC_Loging_001"/>
  <testcase name="landing" time="1.647" classname="com.H2K.TestCases.TC_Landing_002"/>
</testsuite> <!-- Default test -->
